Using pre-set license
Built from '2020.3/release' branch; Version is '2020.3.12f1 (b3b2c6512326) revision 11776710'; Using compiler version '192528614'; Build Type 'Release'
OS: 'Windows 10 Home; OS build 19043.1237; Version 2009; 64bit' Language: 'ko' Physical Memory: 16326 MB
BatchMode: 1, IsHumanControllingUs: 0, StartBugReporterOnCrash: 0, Is64bit: 1, IsPro: 0

 COMMAND LINE ARGUMENTS:
C:\Program Files\Unity\Hub\Editor\2020.3.12f1\Editor\Unity.exe
-adb2
-batchMode
-noUpm
-name
AssetImportWorker0
-projectPath
C:/Hunter
-logFile
Logs/AssetImportWorker0.log
-srvPort
4438
Successfully changed project path to: C:/Hunter
C:/Hunter
Using Asset Import Pipeline V2.
Refreshing native plugins compatible for Editor in 52.83 ms, found 2 plugins.
Preloading 0 native plugins for Editor in 0.00 ms.
Initialize engine version: 2020.3.12f1 (b3b2c6512326)
[Subsystems] Discovering subsystems at path C:/Program Files/Unity/Hub/Editor/2020.3.12f1/Editor/Data/Resources/UnitySubsystems
[Subsystems] Discovering subsystems at path C:/Hunter/Assets
GfxDevice: creating device client; threaded=0
Direct3D:
    Version:  Direct3D 11.0 [level 11.1]
    Renderer: NVIDIA GeForce GTX 1660 Ti (ID=0x2182)
    Vendor:   
    VRAM:     5991 MB
    Driver:   30.0.14.7196
Initialize mono
Mono path[0] = 'C:/Program Files/Unity/Hub/Editor/2020.3.12f1/Editor/Data/Managed'
Mono path[1] = 'C:/Program Files/Unity/Hub/Editor/2020.3.12f1/Editor/Data/MonoBleedingEdge/lib/mono/unityjit'
Mono config path = 'C:/Program Files/Unity/Hub/Editor/2020.3.12f1/Editor/Data/MonoBleedingEdge/etc'
Using monoOptions --debugger-agent=transport=dt_socket,embedding=1,server=y,suspend=n,address=127.0.0.1:56116
Begin MonoManager ReloadAssembly
Registering precompiled unity dll's ...
Register platform support module: C:/Program Files/Unity/Hub/Editor/2020.3.12f1/Editor/Data/PlaybackEngines/WindowsStandaloneSupport/UnityEditor.WindowsStandalone.Extensions.dll
Registered in 0.004397 seconds.
Native extension for WindowsStandalone target not found
Refreshing native plugins compatible for Editor in 50.92 ms, found 2 plugins.
Preloading 0 native plugins for Editor in 0.00 ms.
Mono: successfully reloaded assembly
- Completed reload, in  2.310 seconds
Platform modules already initialized, skipping
Registering precompiled user dll's ...
Registered in 0.006786 seconds.
Begin MonoManager ReloadAssembly
Native extension for WindowsStandalone target not found
Refreshing native plugins compatible for Editor in 0.50 ms, found 2 plugins.
Preloading 0 native plugins for Editor in 0.00 ms.
Mono: successfully reloaded assembly
- Completed reload, in  1.149 seconds
Platform modules already initialized, skipping
========================================================================
Worker process is ready to serve import requests
Launched and connected shader compiler UnityShaderCompiler.exe after 0.05 seconds
Refreshing native plugins compatible for Editor in 0.56 ms, found 2 plugins.
Preloading 0 native plugins for Editor in 0.00 ms.
Unloading 1558 Unused Serialized files (Serialized files now loaded: 0)
System memory in use before: 82.9 MB.
System memory in use after: 82.9 MB.

Unloading 19 unused Assets to reduce memory usage. Loaded Objects now: 2008.
Total: 2.032300 ms (FindLiveObjects: 0.149900 ms CreateObjectMapping: 0.048500 ms MarkObjects: 1.747200 ms  DeleteObjects: 0.085500 ms)

AssetImportParameters requested are different than current active one (requested -> active):
  requireTextureImportCompression: false -> true
  custom:framework-win-MediaFoundation: 216162199b28c13a410421893ffa2e32 -> 
  custom:video-decoder-ogg-theora: a1e56fd34408186e4bbccfd4996cb3dc -> 
  custom:container-muxer-webm: aa71ff27fc2769a1b78a27578f13a17b -> 
  custom:container-demuxer-webm: 4f35f7cbe854078d1ac9338744f61a02 -> 
  custom:container-demuxer-ogg: 62fdf1f143b41e24485cea50d1cbac27 -> 
  custom:video-encoder-webm-vp8: eb34c28f22e8b96e1ab97ce403110664 -> 
  custom:video-decoder-webm-vp8: 9c59270c3fd7afecdb556c50c9e8de78 -> 
  custom:audio-decoder-ogg-vorbis: bf7c407c2cedff20999df2af8eb42d56 -> 
  custom:audio-encoder-webm-vorbis: bf7c407c2cedff20999df2af8eb42d56 -> 
========================================================================
Received Import Request.
  path: Assets/Ruins_creation_kit/dif_floor_01.png
  artifactKey: Guid(cce34132f04d8bd409cc038368b4c3a3) Importer(815301076,1909f56bfc062723c751e8b465ee728b)
Start importing Assets/Ruins_creation_kit/dif_floor_01.png using Guid(cce34132f04d8bd409cc038368b4c3a3) Importer(815301076,1909f56bfc062723c751e8b465ee728b)  -> (artifact id: '1fc8909cc8850f086496b3d0789629cf') in 0.113430 seconds 
  Import took 0.116175 seconds .

========================================================================
Received Import Request.
  Time since last request: 0.000216 seconds.
  path: Assets/Ruins_creation_kit/dif_oldWood_01.png
  artifactKey: Guid(3a1f15fcf8f5b974ea8e74e03fa04cd9) Importer(815301076,1909f56bfc062723c751e8b465ee728b)
Start importing Assets/Ruins_creation_kit/dif_oldWood_01.png using Guid(3a1f15fcf8f5b974ea8e74e03fa04cd9) Importer(815301076,1909f56bfc062723c751e8b465ee728b)  -> (artifact id: '8e9ad1d6951cd0813a431b90a903c0d2') in 0.013253 seconds 
  Import took 0.015960 seconds .

========================================================================
Received Import Request.
  Time since last request: 0.000221 seconds.
  path: Assets/Ruins_creation_kit/ruins_creation_kit.FBX
  artifactKey: Guid(71ff0e77341aa304c921a48a639924b6) Importer(815301076,1909f56bfc062723c751e8b465ee728b)
Start importing Assets/Ruins_creation_kit/ruins_creation_kit.FBX using Guid(71ff0e77341aa304c921a48a639924b6) Importer(815301076,1909f56bfc062723c751e8b465ee728b)  -> (artifact id: '21ce9d0485386e868ad76539051c75b9') in 0.320395 seconds 
  Import took 0.323838 seconds .

========================================================================
Received Import Request.
  Time since last request: 206.283789 seconds.
  path: Assets/Ruins_creation_kit/Materials
  artifactKey: Guid(4ac4c51bdacdd2c4aa5a7327223733a4) Importer(815301076,1909f56bfc062723c751e8b465ee728b)
Start importing Assets/Ruins_creation_kit/Materials using Guid(4ac4c51bdacdd2c4aa5a7327223733a4) Importer(815301076,1909f56bfc062723c751e8b465ee728b)  -> (artifact id: 'd700cffae19783985562667eee010e40') in 0.004021 seconds 
  Import took 0.007524 seconds .

========================================================================
Received Import Request.
  Time since last request: 0.008138 seconds.
  path: Assets/Ruins_creation_kit/Materials
  artifactKey: Guid(4ac4c51bdacdd2c4aa5a7327223733a4) Importer(815301076,1909f56bfc062723c751e8b465ee728b)
Start importing Assets/Ruins_creation_kit/Materials using Guid(4ac4c51bdacdd2c4aa5a7327223733a4) Importer(815301076,1909f56bfc062723c751e8b465ee728b)  -> (artifact id: 'd700cffae19783985562667eee010e40') in 0.003161 seconds 
  Import took 0.005672 seconds .

========================================================================
Received Import Request.
  Time since last request: 0.580937 seconds.
  path: Assets/Ruins_creation_kit/dif_dirtyPlanks_02.png
  artifactKey: Guid(ca8f9c5e91489b444be858609bb72d95) Importer(815301076,1909f56bfc062723c751e8b465ee728b)
Start importing Assets/Ruins_creation_kit/dif_dirtyPlanks_02.png using Guid(ca8f9c5e91489b444be858609bb72d95) Importer(815301076,1909f56bfc062723c751e8b465ee728b)  -> (artifact id: '6ed27712833178e4806fe767bb3850d3') in 0.010557 seconds 
  Import took 0.013701 seconds .

========================================================================
Received Import Request.
  Time since last request: 0.003172 seconds.
  path: Assets/Ruins_creation_kit/dif_dirtyPlanks_02.png
  artifactKey: Guid(ca8f9c5e91489b444be858609bb72d95) Importer(815301076,1909f56bfc062723c751e8b465ee728b)
Start importing Assets/Ruins_creation_kit/dif_dirtyPlanks_02.png using Guid(ca8f9c5e91489b444be858609bb72d95) Importer(815301076,1909f56bfc062723c751e8b465ee728b)  -> (artifact id: '6ed27712833178e4806fe767bb3850d3') in 0.009668 seconds 
  Import took 0.012273 seconds .

========================================================================
Received Import Request.
  Time since last request: 0.588716 seconds.
  path: Assets/Ruins_creation_kit/dif_coupole_01.png
  artifactKey: Guid(3753bc8599b866f499e69bce669ccffe) Importer(815301076,1909f56bfc062723c751e8b465ee728b)
Start importing Assets/Ruins_creation_kit/dif_coupole_01.png using Guid(3753bc8599b866f499e69bce669ccffe) Importer(815301076,1909f56bfc062723c751e8b465ee728b)  -> (artifact id: '1a92fde89a438173834172b264776dbb') in 0.010006 seconds 
  Import took 0.012641 seconds .

========================================================================
Received Import Request.
  Time since last request: 0.003204 seconds.
  path: Assets/Ruins_creation_kit/dif_coupole_01.png
  artifactKey: Guid(3753bc8599b866f499e69bce669ccffe) Importer(815301076,1909f56bfc062723c751e8b465ee728b)
Start importing Assets/Ruins_creation_kit/dif_coupole_01.png using Guid(3753bc8599b866f499e69bce669ccffe) Importer(815301076,1909f56bfc062723c751e8b465ee728b)  -> (artifact id: '1a92fde89a438173834172b264776dbb') in 0.009192 seconds 
  Import took 0.011899 seconds .

========================================================================
Received Import Request.
  Time since last request: 6.424911 seconds.
  path: Assets/Ruins_creation_kit/dif_dirtyWood_01.png
  artifactKey: Guid(c0a45bbe0266ef64c9f0ec3d76a957cd) Importer(815301076,1909f56bfc062723c751e8b465ee728b)
Start importing Assets/Ruins_creation_kit/dif_dirtyWood_01.png using Guid(c0a45bbe0266ef64c9f0ec3d76a957cd) Importer(815301076,1909f56bfc062723c751e8b465ee728b)  -> (artifact id: 'a7d00a7d81a102930f3ebf8744ec44f4') in 0.008868 seconds 
  Import took 0.011479 seconds .

========================================================================
Received Import Request.
  Time since last request: 51.595507 seconds.
  path: Assets/AssetStore/Medieval Bridge/Texture and Materials
  artifactKey: Guid(417cdde8e8397784cbaa35de11fac168) Importer(815301076,1909f56bfc062723c751e8b465ee728b)
Start importing Assets/AssetStore/Medieval Bridge/Texture and Materials using Guid(417cdde8e8397784cbaa35de11fac168) Importer(815301076,1909f56bfc062723c751e8b465ee728b)  -> (artifact id: '55ec87380d1b0452c80b33523df588c6') in 0.005034 seconds 
  Import took 0.007514 seconds .

========================================================================
Received Import Request.
  Time since last request: 0.006535 seconds.
  path: Assets/AssetStore/Medieval Bridge/Texture and Materials
  artifactKey: Guid(417cdde8e8397784cbaa35de11fac168) Importer(815301076,1909f56bfc062723c751e8b465ee728b)
Start importing Assets/AssetStore/Medieval Bridge/Texture and Materials using Guid(417cdde8e8397784cbaa35de11fac168) Importer(815301076,1909f56bfc062723c751e8b465ee728b)  -> (artifact id: '55ec87380d1b0452c80b33523df588c6') in 0.003057 seconds 
  Import took 0.005619 seconds .

========================================================================
Received Import Request.
  Time since last request: 1.491735 seconds.
  path: Assets/AssetStore/Medieval Bridge/Texture and Materials/Bridge
  artifactKey: Guid(973e4fac6e54c2547891ec2fb65e10a3) Importer(815301076,1909f56bfc062723c751e8b465ee728b)
Start importing Assets/AssetStore/Medieval Bridge/Texture and Materials/Bridge using Guid(973e4fac6e54c2547891ec2fb65e10a3) Importer(815301076,1909f56bfc062723c751e8b465ee728b)  -> (artifact id: '10e78ed8eb35d4b937a9059d95a52c71') in 0.003627 seconds 
  Import took 0.006064 seconds .

========================================================================
Received Import Request.
  Time since last request: 0.005908 seconds.
  path: Assets/AssetStore/Medieval Bridge/Texture and Materials/Bridge
  artifactKey: Guid(973e4fac6e54c2547891ec2fb65e10a3) Importer(815301076,1909f56bfc062723c751e8b465ee728b)
Start importing Assets/AssetStore/Medieval Bridge/Texture and Materials/Bridge using Guid(973e4fac6e54c2547891ec2fb65e10a3) Importer(815301076,1909f56bfc062723c751e8b465ee728b)  -> (artifact id: '10e78ed8eb35d4b937a9059d95a52c71') in 0.002952 seconds 
  Import took 0.005461 seconds .

========================================================================
Received Prepare
Registering precompiled user dll's ...
Registered in 0.006585 seconds.
Begin MonoManager ReloadAssembly
Native extension for WindowsStandalone target not found
Refreshing native plugins compatible for Editor in 0.51 ms, found 2 plugins.
Preloading 0 native plugins for Editor in 0.00 ms.
Mono: successfully reloaded assembly
- Completed reload, in  1.039 seconds
Platform modules already initialized, skipping
Refreshing native plugins compatible for Editor in 0.58 ms, found 2 plugins.
Preloading 0 native plugins for Editor in 0.00 ms.
Unloading 1524 Unused Serialized files (Serialized files now loaded: 0)
System memory in use before: 83.4 MB.
System memory in use after: 83.4 MB.

Unloading 14 unused Assets to reduce memory usage. Loaded Objects now: 2022.
Total: 2.708300 ms (FindLiveObjects: 0.150500 ms CreateObjectMapping: 0.048800 ms MarkObjects: 2.442400 ms  DeleteObjects: 0.065300 ms)

AssetImportParameters requested are different than current active one (requested -> active):
  requireTextureImportCompression: false -> true
  custom:framework-win-MediaFoundation: 216162199b28c13a410421893ffa2e32 -> 
  custom:video-decoder-ogg-theora: a1e56fd34408186e4bbccfd4996cb3dc -> 
  custom:container-muxer-webm: aa71ff27fc2769a1b78a27578f13a17b -> 
  custom:container-demuxer-webm: 4f35f7cbe854078d1ac9338744f61a02 -> 
  custom:container-demuxer-ogg: 62fdf1f143b41e24485cea50d1cbac27 -> 
  custom:video-encoder-webm-vp8: eb34c28f22e8b96e1ab97ce403110664 -> 
  custom:video-decoder-webm-vp8: 9c59270c3fd7afecdb556c50c9e8de78 -> 
  custom:audio-decoder-ogg-vorbis: bf7c407c2cedff20999df2af8eb42d56 -> 
  custom:audio-encoder-webm-vorbis: bf7c407c2cedff20999df2af8eb42d56 -> 
========================================================================
Received Import Request.
  Time since last request: 580.197826 seconds.
  path: Assets/Scenes/HJ/SnowMountains 1
  artifactKey: Guid(eabfcee301ab24548bc2c87bde86ee5e) Importer(815301076,1909f56bfc062723c751e8b465ee728b)
Start importing Assets/Scenes/HJ/SnowMountains 1 using Guid(eabfcee301ab24548bc2c87bde86ee5e) Importer(815301076,1909f56bfc062723c751e8b465ee728b)  -> (artifact id: '0cfdeb6727a0da6d4df058f79454af90') in 0.006390 seconds 
  Import took 0.009281 seconds .

========================================================================
Received Import Request.
  Time since last request: 0.742784 seconds.
  path: Assets/Scenes/HJ/SnowMountains 1/NavMesh.asset
  artifactKey: Guid(823d0f89772e43b458c0b584ebc0cebd) Importer(815301076,1909f56bfc062723c751e8b465ee728b)
Start importing Assets/Scenes/HJ/SnowMountains 1/NavMesh.asset using Guid(823d0f89772e43b458c0b584ebc0cebd) Importer(815301076,1909f56bfc062723c751e8b465ee728b)  -> (artifact id: '5278181193c1440483e7b65a2e30aaed') in 0.038520 seconds 
  Import took 0.040959 seconds .

========================================================================
Received Import Request.
  Time since last request: 19.526232 seconds.
  path: Assets/Scenes/HJ/Main P-p.asset
  artifactKey: Guid(e63c8a4f67a598846a411ec36a1abfec) Importer(815301076,1909f56bfc062723c751e8b465ee728b)
Start importing Assets/Scenes/HJ/Main P-p.asset using Guid(e63c8a4f67a598846a411ec36a1abfec) Importer(815301076,1909f56bfc062723c751e8b465ee728b)  -> (artifact id: 'c811470eae79ed93c637bc9b1fba48fb') in 0.022812 seconds 
  Import took 0.025222 seconds .

========================================================================
Received Import Request.
  Time since last request: 0.010444 seconds.
  path: Assets/Scenes/HJ/Main P-p.asset
  artifactKey: Guid(e63c8a4f67a598846a411ec36a1abfec) Importer(815301076,1909f56bfc062723c751e8b465ee728b)
Start importing Assets/Scenes/HJ/Main P-p.asset using Guid(e63c8a4f67a598846a411ec36a1abfec) Importer(815301076,1909f56bfc062723c751e8b465ee728b)  -> (artifact id: 'c811470eae79ed93c637bc9b1fba48fb') in 0.004312 seconds 
  Import took 0.006820 seconds .

========================================================================
Received Import Request.
  Time since last request: 0.685535 seconds.
  path: Assets/Scenes/HJ/SnowMountains 1.unity
  artifactKey: Guid(80e615e0c9071414397b0cd82dcc5b44) Importer(815301076,1909f56bfc062723c751e8b465ee728b)
Start importing Assets/Scenes/HJ/SnowMountains 1.unity using Guid(80e615e0c9071414397b0cd82dcc5b44) Importer(815301076,1909f56bfc062723c751e8b465ee728b)  -> (artifact id: '675e603adbfd849723a6b091281f9e27') in 0.003667 seconds 
  Import took 0.006302 seconds .

========================================================================
Received Import Request.
  Time since last request: 0.000550 seconds.
  path: Assets/Scenes/HJ/SnowMountains 1.unity
  artifactKey: Guid(80e615e0c9071414397b0cd82dcc5b44) Importer(815301076,1909f56bfc062723c751e8b465ee728b)
Start importing Assets/Scenes/HJ/SnowMountains 1.unity using Guid(80e615e0c9071414397b0cd82dcc5b44) Importer(815301076,1909f56bfc062723c751e8b465ee728b)  -> (artifact id: '675e603adbfd849723a6b091281f9e27') in 0.003129 seconds 
  Import took 0.005549 seconds .

========================================================================
Received Prepare
Registering precompiled user dll's ...
Registered in 0.006443 seconds.
Begin MonoManager ReloadAssembly
Native extension for WindowsStandalone target not found
Refreshing native plugins compatible for Editor in 0.54 ms, found 2 plugins.
Preloading 0 native plugins for Editor in 0.00 ms.
Mono: successfully reloaded assembly
- Completed reload, in  1.077 seconds
Platform modules already initialized, skipping
Refreshing native plugins compatible for Editor in 0.57 ms, found 2 plugins.
Preloading 0 native plugins for Editor in 0.00 ms.
Unloading 1524 Unused Serialized files (Serialized files now loaded: 0)
System memory in use before: 83.4 MB.
System memory in use after: 83.5 MB.

Unloading 15 unused Assets to reduce memory usage. Loaded Objects now: 2024.
Total: 1.985100 ms (FindLiveObjects: 0.150500 ms CreateObjectMapping: 0.048600 ms MarkObjects: 1.706500 ms  DeleteObjects: 0.076700 ms)

AssetImportParameters requested are different than current active one (requested -> active):
  requireTextureImportCompression: false -> true
  custom:framework-win-MediaFoundation: 216162199b28c13a410421893ffa2e32 -> 
  custom:video-decoder-ogg-theora: a1e56fd34408186e4bbccfd4996cb3dc -> 
  custom:container-muxer-webm: aa71ff27fc2769a1b78a27578f13a17b -> 
  custom:container-demuxer-webm: 4f35f7cbe854078d1ac9338744f61a02 -> 
  custom:container-demuxer-ogg: 62fdf1f143b41e24485cea50d1cbac27 -> 
  custom:video-encoder-webm-vp8: eb34c28f22e8b96e1ab97ce403110664 -> 
  custom:video-decoder-webm-vp8: 9c59270c3fd7afecdb556c50c9e8de78 -> 
  custom:audio-decoder-ogg-vorbis: bf7c407c2cedff20999df2af8eb42d56 -> 
  custom:audio-encoder-webm-vorbis: bf7c407c2cedff20999df2af8eb42d56 -> 
========================================================================
Received Import Request.
  Time since last request: 915.656301 seconds.
  path: Assets/Scenes/HJ/SnowMountains 1/NavMesh.asset
  artifactKey: Guid(823d0f89772e43b458c0b584ebc0cebd) Importer(815301076,1909f56bfc062723c751e8b465ee728b)
Start importing Assets/Scenes/HJ/SnowMountains 1/NavMesh.asset using Guid(823d0f89772e43b458c0b584ebc0cebd) Importer(815301076,1909f56bfc062723c751e8b465ee728b)  -> (artifact id: '22f57506dfce251139ccfa88de456078') in 0.034597 seconds 
  Import took 0.037737 seconds .

========================================================================
Received Import Request.
  Time since last request: 323.540219 seconds.
  path: Assets/Animations/Player/PlayerController.controller
  artifactKey: Guid(6a06de0aedf6f9e4ebfbddbadcba20e9) Importer(815301076,1909f56bfc062723c751e8b465ee728b)
Start importing Assets/Animations/Player/PlayerController.controller using Guid(6a06de0aedf6f9e4ebfbddbadcba20e9) Importer(815301076,1909f56bfc062723c751e8b465ee728b)  -> (artifact id: '7c24f80653f99160f3a449aac7acc55e') in 0.165287 seconds 
  Import took 0.168943 seconds .

========================================================================
Received Prepare
Registering precompiled user dll's ...
Registered in 0.006749 seconds.
Begin MonoManager ReloadAssembly
Native extension for WindowsStandalone target not found
Refreshing native plugins compatible for Editor in 0.53 ms, found 2 plugins.
Preloading 0 native plugins for Editor in 0.00 ms.
Mono: successfully reloaded assembly
- Completed reload, in  1.070 seconds
Platform modules already initialized, skipping
Refreshing native plugins compatible for Editor in 0.56 ms, found 2 plugins.
Preloading 0 native plugins for Editor in 0.00 ms.
Unloading 1524 Unused Serialized files (Serialized files now loaded: 0)
System memory in use before: 83.5 MB.
System memory in use after: 83.5 MB.

Unloading 14 unused Assets to reduce memory usage. Loaded Objects now: 2026.
Total: 3.052700 ms (FindLiveObjects: 0.193000 ms CreateObjectMapping: 0.063900 ms MarkObjects: 2.727700 ms  DeleteObjects: 0.066400 ms)

AssetImportParameters requested are different than current active one (requested -> active):
  requireTextureImportCompression: false -> true
  custom:framework-win-MediaFoundation: 216162199b28c13a410421893ffa2e32 -> 
  custom:video-decoder-ogg-theora: a1e56fd34408186e4bbccfd4996cb3dc -> 
  custom:container-muxer-webm: aa71ff27fc2769a1b78a27578f13a17b -> 
  custom:container-demuxer-webm: 4f35f7cbe854078d1ac9338744f61a02 -> 
  custom:container-demuxer-ogg: 62fdf1f143b41e24485cea50d1cbac27 -> 
  custom:video-encoder-webm-vp8: eb34c28f22e8b96e1ab97ce403110664 -> 
  custom:video-decoder-webm-vp8: 9c59270c3fd7afecdb556c50c9e8de78 -> 
  custom:audio-decoder-ogg-vorbis: bf7c407c2cedff20999df2af8eb42d56 -> 
  custom:audio-encoder-webm-vorbis: bf7c407c2cedff20999df2af8eb42d56 -> 
========================================================================
Received Prepare
Registering precompiled user dll's ...
Registered in 0.006318 seconds.
Begin MonoManager ReloadAssembly
Native extension for WindowsStandalone target not found
Refreshing native plugins compatible for Editor in 0.51 ms, found 2 plugins.
Preloading 0 native plugins for Editor in 0.00 ms.
Mono: successfully reloaded assembly
- Completed reload, in  1.012 seconds
Platform modules already initialized, skipping
Refreshing native plugins compatible for Editor in 0.55 ms, found 2 plugins.
Preloading 0 native plugins for Editor in 0.00 ms.
Unloading 1524 Unused Serialized files (Serialized files now loaded: 0)
System memory in use before: 83.5 MB.
System memory in use after: 83.6 MB.

Unloading 14 unused Assets to reduce memory usage. Loaded Objects now: 2028.
Total: 2.195800 ms (FindLiveObjects: 0.186300 ms CreateObjectMapping: 0.071700 ms MarkObjects: 1.761900 ms  DeleteObjects: 0.175100 ms)

AssetImportParameters requested are different than current active one (requested -> active):
  requireTextureImportCompression: false -> true
  custom:framework-win-MediaFoundation: 216162199b28c13a410421893ffa2e32 -> 
  custom:video-decoder-ogg-theora: a1e56fd34408186e4bbccfd4996cb3dc -> 
  custom:container-muxer-webm: aa71ff27fc2769a1b78a27578f13a17b -> 
  custom:container-demuxer-webm: 4f35f7cbe854078d1ac9338744f61a02 -> 
  custom:container-demuxer-ogg: 62fdf1f143b41e24485cea50d1cbac27 -> 
  custom:video-encoder-webm-vp8: eb34c28f22e8b96e1ab97ce403110664 -> 
  custom:video-decoder-webm-vp8: 9c59270c3fd7afecdb556c50c9e8de78 -> 
  custom:audio-decoder-ogg-vorbis: bf7c407c2cedff20999df2af8eb42d56 -> 
  custom:audio-encoder-webm-vorbis: bf7c407c2cedff20999df2af8eb42d56 -> 
========================================================================
Received Prepare
Registering precompiled user dll's ...
Registered in 0.007403 seconds.
Begin MonoManager ReloadAssembly
Native extension for WindowsStandalone target not found
Refreshing native plugins compatible for Editor in 0.51 ms, found 2 plugins.
Preloading 0 native plugins for Editor in 0.00 ms.
Mono: successfully reloaded assembly
- Completed reload, in  1.029 seconds
Platform modules already initialized, skipping
Refreshing native plugins compatible for Editor in 0.58 ms, found 2 plugins.
Preloading 0 native plugins for Editor in 0.00 ms.
Unloading 1524 Unused Serialized files (Serialized files now loaded: 0)
System memory in use before: 83.5 MB.
System memory in use after: 83.6 MB.

Unloading 14 unused Assets to reduce memory usage. Loaded Objects now: 2030.
Total: 2.015800 ms (FindLiveObjects: 0.153000 ms CreateObjectMapping: 0.066200 ms MarkObjects: 1.735200 ms  DeleteObjects: 0.060500 ms)

AssetImportParameters requested are different than current active one (requested -> active):
  requireTextureImportCompression: false -> true
  custom:framework-win-MediaFoundation: 216162199b28c13a410421893ffa2e32 -> 
  custom:video-decoder-ogg-theora: a1e56fd34408186e4bbccfd4996cb3dc -> 
  custom:container-muxer-webm: aa71ff27fc2769a1b78a27578f13a17b -> 
  custom:container-demuxer-webm: 4f35f7cbe854078d1ac9338744f61a02 -> 
  custom:container-demuxer-ogg: 62fdf1f143b41e24485cea50d1cbac27 -> 
  custom:video-encoder-webm-vp8: eb34c28f22e8b96e1ab97ce403110664 -> 
  custom:video-decoder-webm-vp8: 9c59270c3fd7afecdb556c50c9e8de78 -> 
  custom:audio-decoder-ogg-vorbis: bf7c407c2cedff20999df2af8eb42d56 -> 
  custom:audio-encoder-webm-vorbis: bf7c407c2cedff20999df2af8eb42d56 -> 
AssetImportWorkerClient::OnTransportError - code=2 error=End of file
